2020.07.19 02:29:41 INFO  started: Metals version 0.9.2 in workspace '/home/dgc7/ejersiciosLibros/scala/classes' for client vscode.
2020.07.19 02:29:45 INFO  time: initialize in 3.59s
2020.07.19 02:29:54 WARN  no build tool detected in workspace '/home/dgc7/ejersiciosLibros/scala/classes'. The most common cause for this problem is that the editor was opened in the wrong working directory, for example if you use sbt then the workspace directory should contain build.sbt. 
2020.07.19 02:29:55 INFO  no build target: using presentation compiler with only scala-library
2020.07.19 02:30:13 WARN  no build target for: /home/dgc7/ejersiciosLibros/scala/classes/clases.scala
2020.07.19 02:35:46 WARN  no build target for: /home/dgc7/ejersiciosLibros/scala/classes/clases.scala
something's wrong: no file:///home/dgc7/ejersiciosLibros/scala/classes/clases.scala in Array[String]RangePosition(file:///home/dgc7/ejersiciosLibros/scala/classes/clases.scala, 33, 33, 46)
2020.07.19 02:36:46 WARN  no build target for: /home/dgc7/ejersiciosLibros/scala/classes/clases.scala
2020.07.19 02:52:56 WARN  no build target for: /home/dgc7/ejersiciosLibros/scala/classes/erencia.scala
jul 19, 2020 2:53:51 AM scala.meta.internal.pc.CompilerAccess retryWithCleanCompiler
INFORMACIÓN: compiler crashed due to an error in the Scala compiler, retrying with new compiler instance.
jul 19, 2020 2:53:52 AM scala.meta.internal.pc.CompilerAccess handleError
GRAVE: null
java.lang.NullPointerException
	at scala.reflect.internal.Definitions$DefinitionsClass.isByNameParamType(Definitions.scala:417)
	at scala.reflect.internal.TreeInfo.isStableIdent(TreeInfo.scala:138)
	at scala.reflect.internal.TreeInfo.isStableIdentifier(TreeInfo.scala:113)
	at scala.reflect.internal.TreeInfo.isPath(TreeInfo.scala:102)
	at scala.reflect.internal.TreeInfo.admitsTypeSelection(TreeInfo.scala:156)
	at scala.tools.nsc.interactive.Global.stabilizedType(Global.scala:959)
	at scala.tools.nsc.interactive.Global.typedTreeAt(Global.scala:807)
	at scala.meta.internal.pc.SignatureHelpProvider.signatureHelp(SignatureHelpProvider.scala:23)

jul 19, 2020 2:55:56 AM scala.meta.internal.pc.CompilerAccess retryWithCleanCompiler
INFORMACIÓN: compiler crashed due to an error in the Scala compiler, retrying with new compiler instance.
jul 19, 2020 2:55:56 AM scala.meta.internal.pc.CompilerAccess handleError
GRAVE: null
java.lang.NullPointerException
	at scala.reflect.internal.Definitions$DefinitionsClass.isByNameParamType(Definitions.scala:417)
	at scala.reflect.internal.TreeInfo.isStableIdent(TreeInfo.scala:138)
	at scala.reflect.internal.TreeInfo.isStableIdentifier(TreeInfo.scala:113)
	at scala.reflect.internal.TreeInfo.isPath(TreeInfo.scala:102)
	at scala.reflect.internal.TreeInfo.admitsTypeSelection(TreeInfo.scala:156)
	at scala.tools.nsc.interactive.Global.stabilizedType(Global.scala:959)
	at scala.tools.nsc.interactive.Global.typedTreeAt(Global.scala:807)
	at scala.meta.internal.pc.SignatureHelpProvider.signatureHelp(SignatureHelpProvider.scala:23)

jul 19, 2020 2:59:23 AM org.eclipse.lsp4j.jsonrpc.RemoteEndpoint handleCancellation
ADVERTENCIA: Unmatched cancel notification for request id 1108
jul 19, 2020 2:59:30 AM scala.meta.internal.pc.CompletionProvider expected$1
ADVERTENCIA: String index out of range: -1
jul 19, 2020 3:08:47 AM org.eclipse.lsp4j.jsonrpc.RemoteEndpoint handleCancellation
ADVERTENCIA: Unmatched cancel notification for request id 1273
2020.07.19 03:09:34 WARN  no build target for: /home/dgc7/ejersiciosLibros/scala/classes/erencia.scala
2020.07.19 03:10:53 WARN  no build target for: /home/dgc7/ejersiciosLibros/scala/classes/erencia.scala
jul 19, 2020 3:12:35 AM scala.meta.internal.pc.CompilerAccess retryWithCleanCompiler
INFORMACIÓN: compiler crashed due to an error in the Scala compiler, retrying with new compiler instance.
jul 19, 2020 3:12:35 AM scala.meta.internal.pc.CompilerAccess handleError
GRAVE: null
java.lang.NullPointerException
	at scala.reflect.internal.Definitions$DefinitionsClass.isByNameParamType(Definitions.scala:417)
	at scala.reflect.internal.TreeInfo.isStableIdent(TreeInfo.scala:138)
	at scala.reflect.internal.TreeInfo.isStableIdentifier(TreeInfo.scala:113)
	at scala.reflect.internal.TreeInfo.isPath(TreeInfo.scala:102)
	at scala.reflect.internal.TreeInfo.admitsTypeSelection(TreeInfo.scala:156)
	at scala.tools.nsc.interactive.Global.stabilizedType(Global.scala:959)
	at scala.tools.nsc.interactive.Global.typedTreeAt(Global.scala:807)
	at scala.meta.internal.pc.SignatureHelpProvider.signatureHelp(SignatureHelpProvider.scala:23)

jul 19, 2020 3:15:03 AM org.eclipse.lsp4j.jsonrpc.RemoteEndpoint handleCancellation
ADVERTENCIA: Unmatched cancel notification for request id 1949
jul 19, 2020 3:15:29 AM org.eclipse.lsp4j.jsonrpc.RemoteEndpoint handleCancellation
ADVERTENCIA: Unmatched cancel notification for request id 2037
2020.07.19 03:16:42 WARN  no build target for: /home/dgc7/ejersiciosLibros/scala/classes/erencia.scala
2020.07.19 03:17:00 WARN  no build target for: /home/dgc7/ejersiciosLibros/scala/classes/erencia.scala
2020.07.19 03:17:39 WARN  no build target for: /home/dgc7/ejersiciosLibros/scala/classes/erencia.scala
2020.07.19 03:18:40 WARN  no build target for: /home/dgc7/ejersiciosLibros/scala/classes/erencia.scala
2020.07.19 03:21:21 WARN  no build target for: /home/dgc7/ejersiciosLibros/scala/classes/erencia.scala
2020.07.19 03:21:30 WARN  no build tool detected in workspace '/home/dgc7/ejersiciosLibros/scala/classes'. The most common cause for this problem is that the editor was opened in the wrong working directory, for example if you use sbt then the workspace directory should contain build.sbt. 
2020.07.19 03:21:37 WARN  no build target for: /home/dgc7/ejersiciosLibros/scala/classes/erencia.scala
2020.07.19 03:21:47 WARN  no build tool detected in workspace '/home/dgc7/ejersiciosLibros/scala/classes'. The most common cause for this problem is that the editor was opened in the wrong working directory, for example if you use sbt then the workspace directory should contain build.sbt. 
2020.07.19 03:21:50 WARN  no build target for: /home/dgc7/ejersiciosLibros/scala/classes/erencia.scala
2020.07.19 03:22:33 WARN  no build target for: /home/dgc7/ejersiciosLibros/scala/classes/erencia.scala
2020.07.19 03:23:18 WARN  no build target for: /home/dgc7/ejersiciosLibros/scala/classes/erencia.scala
2020.07.19 03:23:26 WARN  no build tool detected in workspace '/home/dgc7/ejersiciosLibros/scala/classes'. The most common cause for this problem is that the editor was opened in the wrong working directory, for example if you use sbt then the workspace directory should contain build.sbt. 
2020.07.19 03:23:26 WARN  no build tool detected in workspace '/home/dgc7/ejersiciosLibros/scala/classes'. The most common cause for this problem is that the editor was opened in the wrong working directory, for example if you use sbt then the workspace directory should contain build.sbt. 
2020.07.19 03:23:29 WARN  no build target for: /home/dgc7/ejersiciosLibros/scala/classes/erencia.scala
2020.07.19 03:23:29 WARN  no build tool detected in workspace '/home/dgc7/ejersiciosLibros/scala/classes'. The most common cause for this problem is that the editor was opened in the wrong working directory, for example if you use sbt then the workspace directory should contain build.sbt. 
2020.07.19 03:24:08 WARN  no build tool detected in workspace '/home/dgc7/ejersiciosLibros/scala/classes'. The most common cause for this problem is that the editor was opened in the wrong working directory, for example if you use sbt then the workspace directory should contain build.sbt. 
2020.07.19 03:24:14 WARN  no build target for: /home/dgc7/ejersiciosLibros/scala/classes/erencia.scala
2020.07.19 03:24:51 WARN  no build target for: /home/dgc7/ejersiciosLibros/scala/classes/erencia.scala
2020.07.19 03:33:24 WARN  no build tool detected in workspace '/home/dgc7/ejersiciosLibros/scala/classes'. The most common cause for this problem is that the editor was opened in the wrong working directory, for example if you use sbt then the workspace directory should contain build.sbt. 
2020.07.19 03:33:24 WARN  no build tool detected in workspace '/home/dgc7/ejersiciosLibros/scala/classes'. The most common cause for this problem is that the editor was opened in the wrong working directory, for example if you use sbt then the workspace directory should contain build.sbt. 
2020.07.19 03:33:32 WARN  no build tool detected in workspace '/home/dgc7/ejersiciosLibros/scala/classes'. The most common cause for this problem is that the editor was opened in the wrong working directory, for example if you use sbt then the workspace directory should contain build.sbt. 
2020.07.19 03:33:32 WARN  no build tool detected in workspace '/home/dgc7/ejersiciosLibros/scala/classes'. The most common cause for this problem is that the editor was opened in the wrong working directory, for example if you use sbt then the workspace directory should contain build.sbt. 
2020.07.19 03:33:32 WARN  no build target for: /home/dgc7/ejersiciosLibros/scala/classes/erencia.scala
2020.07.19 03:35:46 WARN  no build tool detected in workspace '/home/dgc7/ejersiciosLibros/scala/classes'. The most common cause for this problem is that the editor was opened in the wrong working directory, for example if you use sbt then the workspace directory should contain build.sbt. 
2020.07.19 03:35:46 WARN  no build tool detected in workspace '/home/dgc7/ejersiciosLibros/scala/classes'. The most common cause for this problem is that the editor was opened in the wrong working directory, for example if you use sbt then the workspace directory should contain build.sbt. 
2020.07.19 03:35:46 WARN  no build target for: /home/dgc7/ejersiciosLibros/scala/classes/erencia.scala
jul 19, 2020 4:03:37 PM org.eclipse.lsp4j.jsonrpc.RemoteEndpoint handleCancellation
ADVERTENCIA: Unmatched cancel notification for request id 3031
jul 19, 2020 4:03:40 PM org.eclipse.lsp4j.jsonrpc.RemoteEndpoint handleCancellation
ADVERTENCIA: Unmatched cancel notification for request id 3032
jul 19, 2020 4:03:41 PM org.eclipse.lsp4j.jsonrpc.RemoteEndpoint handleCancellation
ADVERTENCIA: Unmatched cancel notification for request id 3033
jul 19, 2020 4:03:41 PM org.eclipse.lsp4j.jsonrpc.RemoteEndpoint handleCancellation
ADVERTENCIA: Unmatched cancel notification for request id 3034
jul 19, 2020 4:03:42 PM org.eclipse.lsp4j.jsonrpc.RemoteEndpoint handleCancellation
ADVERTENCIA: Unmatched cancel notification for request id 3038
jul 19, 2020 4:03:43 PM org.eclipse.lsp4j.jsonrpc.RemoteEndpoint handleCancellation
ADVERTENCIA: Unmatched cancel notification for request id 3037
jul 19, 2020 4:03:43 PM org.eclipse.lsp4j.jsonrpc.RemoteEndpoint handleCancellation
ADVERTENCIA: Unmatched cancel notification for request id 3039
jul 19, 2020 4:03:43 PM org.eclipse.lsp4j.jsonrpc.RemoteEndpoint handleCancellation
ADVERTENCIA: Unmatched cancel notification for request id 3045
jul 19, 2020 4:03:44 PM org.eclipse.lsp4j.jsonrpc.RemoteEndpoint handleCancellation
ADVERTENCIA: Unmatched cancel notification for request id 3044
jul 19, 2020 4:03:48 PM org.eclipse.lsp4j.jsonrpc.RemoteEndpoint handleCancellation
ADVERTENCIA: Unmatched cancel notification for request id 3046
jul 19, 2020 4:03:48 PM org.eclipse.lsp4j.jsonrpc.RemoteEndpoint handleCancellation
ADVERTENCIA: Unmatched cancel notification for request id 3047
jul 19, 2020 4:03:48 PM org.eclipse.lsp4j.jsonrpc.RemoteEndpoint handleCancellation
ADVERTENCIA: Unmatched cancel notification for request id 3049
jul 19, 2020 4:03:48 PM org.eclipse.lsp4j.jsonrpc.RemoteEndpoint handleCancellation
ADVERTENCIA: Unmatched cancel notification for request id 3048
jul 19, 2020 4:03:48 PM org.eclipse.lsp4j.jsonrpc.RemoteEndpoint handleCancellation
ADVERTENCIA: Unmatched cancel notification for request id 3050
jul 19, 2020 4:03:48 PM org.eclipse.lsp4j.jsonrpc.RemoteEndpoint handleCancellation
ADVERTENCIA: Unmatched cancel notification for request id 3052
jul 19, 2020 4:03:49 PM org.eclipse.lsp4j.jsonrpc.RemoteEndpoint handleCancellation
ADVERTENCIA: Unmatched cancel notification for request id 3054
jul 19, 2020 4:03:49 PM org.eclipse.lsp4j.jsonrpc.RemoteEndpoint handleCancellation
ADVERTENCIA: Unmatched cancel notification for request id 3057
jul 19, 2020 4:03:49 PM org.eclipse.lsp4j.jsonrpc.RemoteEndpoint handleCancellation
ADVERTENCIA: Unmatched cancel notification for request id 3059
2020.07.19 16:03:52 WARN  no build target for: /home/dgc7/ejersiciosLibros/scala/classes/erencia.scala
jul 19, 2020 4:03:55 PM org.eclipse.lsp4j.jsonrpc.RemoteEndpoint handleCancellation
ADVERTENCIA: Unmatched cancel notification for request id 3063
jul 19, 2020 4:03:59 PM org.eclipse.lsp4j.jsonrpc.RemoteEndpoint handleCancellation
ADVERTENCIA: Unmatched cancel notification for request id 3064
jul 19, 2020 4:04:01 PM org.eclipse.lsp4j.jsonrpc.RemoteEndpoint handleCancellation
ADVERTENCIA: Unmatched cancel notification for request id 3068
jul 19, 2020 4:04:01 PM org.eclipse.lsp4j.jsonrpc.RemoteEndpoint handleCancellation
ADVERTENCIA: Unmatched cancel notification for request id 3070
jul 19, 2020 4:04:03 PM org.eclipse.lsp4j.jsonrpc.RemoteEndpoint handleCancellation
ADVERTENCIA: Unmatched cancel notification for request id 3069
jul 19, 2020 4:04:04 PM org.eclipse.lsp4j.jsonrpc.RemoteEndpoint handleCancellation
ADVERTENCIA: Unmatched cancel notification for request id 3071
jul 19, 2020 4:04:04 PM org.eclipse.lsp4j.jsonrpc.RemoteEndpoint handleCancellation
ADVERTENCIA: Unmatched cancel notification for request id 3072
jul 19, 2020 4:04:04 PM org.eclipse.lsp4j.jsonrpc.RemoteEndpoint handleCancellation
ADVERTENCIA: Unmatched cancel notification for request id 3074
jul 19, 2020 4:04:06 PM org.eclipse.lsp4j.jsonrpc.RemoteEndpoint handleCancellation
ADVERTENCIA: Unmatched cancel notification for request id 3073
jul 19, 2020 4:04:06 PM org.eclipse.lsp4j.jsonrpc.RemoteEndpoint handleCancellation
ADVERTENCIA: Unmatched cancel notification for request id 3075
jul 19, 2020 4:04:06 PM org.eclipse.lsp4j.jsonrpc.RemoteEndpoint handleCancellation
ADVERTENCIA: Unmatched cancel notification for request id 3076
jul 19, 2020 4:04:07 PM org.eclipse.lsp4j.jsonrpc.RemoteEndpoint handleCancellation
ADVERTENCIA: Unmatched cancel notification for request id 3078
jul 19, 2020 4:04:07 PM org.eclipse.lsp4j.jsonrpc.RemoteEndpoint handleCancellation
ADVERTENCIA: Unmatched cancel notification for request id 3077
jul 19, 2020 4:04:07 PM org.eclipse.lsp4j.jsonrpc.RemoteEndpoint handleCancellation
ADVERTENCIA: Unmatched cancel notification for request id 3082
jul 19, 2020 4:04:09 PM org.eclipse.lsp4j.jsonrpc.RemoteEndpoint handleCancellation
ADVERTENCIA: Unmatched cancel notification for request id 3081
jul 19, 2020 4:04:09 PM org.eclipse.lsp4j.jsonrpc.RemoteEndpoint handleCancellation
ADVERTENCIA: Unmatched cancel notification for request id 3083
jul 19, 2020 4:04:09 PM org.eclipse.lsp4j.jsonrpc.RemoteEndpoint handleCancellation
ADVERTENCIA: Unmatched cancel notification for request id 3086
jul 19, 2020 4:04:31 PM org.eclipse.lsp4j.jsonrpc.RemoteEndpoint handleCancellation
ADVERTENCIA: Unmatched cancel notification for request id 3085
jul 19, 2020 4:04:31 PM org.eclipse.lsp4j.jsonrpc.RemoteEndpoint handleCancellation
ADVERTENCIA: Unmatched cancel notification for request id 3087
jul 19, 2020 4:04:31 PM org.eclipse.lsp4j.jsonrpc.RemoteEndpoint handleCancellation
ADVERTENCIA: Unmatched cancel notification for request id 3091
jul 19, 2020 4:04:32 PM org.eclipse.lsp4j.jsonrpc.RemoteEndpoint handleCancellation
ADVERTENCIA: Unmatched cancel notification for request id 3090
jul 19, 2020 4:04:32 PM org.eclipse.lsp4j.jsonrpc.RemoteEndpoint handleCancellation
ADVERTENCIA: Unmatched cancel notification for request id 3095
2020.07.19 16:04:32 WARN  no build target for: /home/dgc7/ejersiciosLibros/scala/classes/erencia.scala
jul 19, 2020 4:04:32 PM org.eclipse.lsp4j.jsonrpc.RemoteEndpoint handleCancellation
ADVERTENCIA: Unmatched cancel notification for request id 3066
jul 19, 2020 4:04:32 PM org.eclipse.lsp4j.jsonrpc.RemoteEndpoint handleCancellation
ADVERTENCIA: Unmatched cancel notification for request id 3097
jul 19, 2020 4:04:32 PM org.eclipse.lsp4j.jsonrpc.RemoteEndpoint handleCancellation
ADVERTENCIA: Unmatched cancel notification for request id 3094
jul 19, 2020 4:04:32 PM org.eclipse.lsp4j.jsonrpc.RemoteEndpoint handleCancellation
ADVERTENCIA: Unmatched cancel notification for request id 3096
jul 19, 2020 4:04:32 PM org.eclipse.lsp4j.jsonrpc.RemoteEndpoint handleCancellation
ADVERTENCIA: Unmatched cancel notification for request id 3099
2020.07.19 16:04:32 WARN  no build target for: /home/dgc7/ejersiciosLibros/scala/classes/erencia.scala
jul 19, 2020 4:04:32 PM org.eclipse.lsp4j.jsonrpc.RemoteEndpoint handleCancellation
ADVERTENCIA: Unmatched cancel notification for request id 3102
2020.07.19 16:05:15 WARN  no build tool detected in workspace '/home/dgc7/ejersiciosLibros/scala/classes'. The most common cause for this problem is that the editor was opened in the wrong working directory, for example if you use sbt then the workspace directory should contain build.sbt. 
2020.07.19 16:05:32 WARN  no build target for: /home/dgc7/ejersiciosLibros/scala/classes/erencia.scala
2020.07.19 16:05:36 WARN  no build target for: /home/dgc7/ejersiciosLibros/scala/classes/erencia.scala
2020.07.19 16:38:45 WARN  no build target for: /home/dgc7/ejersiciosLibros/scala/classes/erencia.scala
2020.07.19 16:39:00 WARN  no build target for: /home/dgc7/ejersiciosLibros/scala/classes/erencia.scala
2020.07.19 16:39:59 WARN  no build target for: /home/dgc7/ejersiciosLibros/scala/classes/erencia.scala
jul 19, 2020 4:40:05 PM org.eclipse.lsp4j.jsonrpc.RemoteEndpoint fallbackResponseError
GRAVE: Internal error: java.lang.InterruptedException
java.util.concurrent.CompletionException: java.lang.InterruptedException
	at java.util.concurrent.CompletableFuture.encodeThrowable(CompletableFuture.java:273)
	at java.util.concurrent.CompletableFuture.completeThrowable(CompletableFuture.java:280)
	at java.util.concurrent.CompletableFuture.uniAccept(CompletableFuture.java:673)
	at java.util.concurrent.CompletableFuture$UniAccept.tryFire(CompletableFuture.java:646)
	at java.util.concurrent.CompletableFuture.postComplete(CompletableFuture.java:488)
	at java.util.concurrent.CompletableFuture.complete(CompletableFuture.java:1975)
	at scala.meta.internal.metals.CancelTokens$.$anonfun$future$1(CancelTokens.scala:42)
	at scala.meta.internal.metals.CancelTokens$.$anonfun$future$1$adapted(CancelTokens.scala:38)
	at scala.concurrent.impl.CallbackRunnable.run(Promise.scala:64)
	at java.util.concurrent.ThreadPoolExecutor.runWorker(ThreadPoolExecutor.java:1149)
	at java.util.concurrent.ThreadPoolExecutor$Worker.run(ThreadPoolExecutor.java:624)
	at java.lang.Thread.run(Thread.java:748)
Caused by: java.lang.InterruptedException
	at scala.meta.internal.metals.FutureCancelToken.checkCanceled(FutureCancelToken.scala:29)
	at scala.meta.pc.VirtualFileParams.checkCanceled(VirtualFileParams.java:25)
	at scala.meta.internal.pc.CompletionProvider.$anonfun$completions$1(CompletionProvider.scala:77)
	at scala.collection.Iterator$$anon$10.next(Iterator.scala:461)
	at scala.collection.Iterator.toStream(Iterator.scala:1417)
	at scala.collection.Iterator.toStream$(Iterator.scala:1416)
	at scala.collection.AbstractIterator.toStream(Iterator.scala:1431)
	at scala.collection.Iterator.$anonfun$toStream$1(Iterator.scala:1417)
	at scala.collection.immutable.Stream$Cons.tail(Stream.scala:1173)
	at scala.collection.immutable.Stream$Cons.tail(Stream.scala:1163)
	at scala.collection.immutable.StreamIterator.$anonfun$next$1(Stream.scala:1061)
	at scala.collection.immutable.StreamIterator$LazyCell.v$lzycompute(Stream.scala:1050)
	at scala.collection.immutable.StreamIterator$LazyCell.v(Stream.scala:1050)
	at scala.collection.immutable.StreamIterator.hasNext(Stream.scala:1055)
	at scala.collection.convert.Wrappers$IteratorWrapper.hasNext(Wrappers.scala:31)
	at org.eclipse.lsp4j.jsonrpc.json.adapters.CollectionTypeAdapter.write(CollectionTypeAdapter.java:134)
	at org.eclipse.lsp4j.jsonrpc.json.adapters.CollectionTypeAdapter.write(CollectionTypeAdapter.java:40)
	at com.google.gson.internal.bind.TypeAdapterRuntimeTypeWrapper.write(TypeAdapterRuntimeTypeWrapper.java:69)
	at com.google.gson.internal.bind.ReflectiveTypeAdapterFactory$1.write(ReflectiveTypeAdapterFactory.java:125)
	at com.google.gson.internal.bind.ReflectiveTypeAdapterFactory$Adapter.write(ReflectiveTypeAdapterFactory.java:243)
	at com.google.gson.Gson.toJson(Gson.java:669)
	at org.eclipse.lsp4j.jsonrpc.json.adapters.MessageTypeAdapter.write(MessageTypeAdapter.java:423)
	at org.eclipse.lsp4j.jsonrpc.json.adapters.MessageTypeAdapter.write(MessageTypeAdapter.java:55)
	at com.google.gson.Gson.toJson(Gson.java:669)
	at com.google.gson.Gson.toJson(Gson.java:648)
	at org.eclipse.lsp4j.jsonrpc.json.MessageJsonHandler.serialize(MessageJsonHandler.java:145)
	at org.eclipse.lsp4j.jsonrpc.json.MessageJsonHandler.serialize(MessageJsonHandler.java:140)
	at org.eclipse.lsp4j.jsonrpc.json.StreamMessageConsumer.consume(StreamMessageConsumer.java:59)
	at org.eclipse.lsp4j.jsonrpc.RemoteEndpoint.lambda$handleRequest$1(RemoteEndpoint.java:281)
	at java.util.concurrent.CompletableFuture.uniAccept(CompletableFuture.java:670)
	... 9 more

2020.07.19 16:40:26 WARN  no build target for: /home/dgc7/ejersiciosLibros/scala/classes/erencia.scala
jul 19, 2020 4:40:41 PM scala.meta.internal.pc.CompletionProvider expected$1
ADVERTENCIA: String index out of range: -1
jul 19, 2020 4:41:38 PM org.eclipse.lsp4j.jsonrpc.RemoteEndpoint handleCancellation
ADVERTENCIA: Unmatched cancel notification for request id 3575
2020.07.19 16:42:12 WARN  no build target for: /home/dgc7/ejersiciosLibros/scala/classes/erencia.scala
2020.07.19 16:42:21 WARN  no build target for: /home/dgc7/ejersiciosLibros/scala/classes/erencia.scala
2020.07.19 16:42:31 WARN  no build target for: /home/dgc7/ejersiciosLibros/scala/classes/erencia.scala
jul 19, 2020 4:42:34 PM org.eclipse.lsp4j.jsonrpc.RemoteEndpoint handleCancellation
ADVERTENCIA: Unmatched cancel notification for request id 3715
2020.07.19 16:42:46 WARN  no build target for: /home/dgc7/ejersiciosLibros/scala/classes/erencia.scala
jul 19, 2020 4:43:34 PM scala.meta.internal.pc.CompletionProvider expected$1
ADVERTENCIA: String index out of range: -1
2020.07.19 16:43:37 WARN  no build target for: /home/dgc7/ejersiciosLibros/scala/classes/erencia.scala
2020.07.19 16:44:43 WARN  no build target for: /home/dgc7/ejersiciosLibros/scala/classes/clases2.scala
2020.07.19 16:44:45 WARN  no build target for: /home/dgc7/ejersiciosLibros/scala/classes/clases2.scala
2020.07.19 16:45:30 WARN  no build target for: /home/dgc7/ejersiciosLibros/scala/classes/clases2.scala
2020.07.19 16:45:41 WARN  no build target for: /home/dgc7/ejersiciosLibros/scala/classes/clases2.scala
2020.07.19 16:46:25 WARN  no build tool detected in workspace '/home/dgc7/ejersiciosLibros/scala/classes'. The most common cause for this problem is that the editor was opened in the wrong working directory, for example if you use sbt then the workspace directory should contain build.sbt. 
2020.07.19 16:46:26 WARN  no build tool detected in workspace '/home/dgc7/ejersiciosLibros/scala/classes'. The most common cause for this problem is that the editor was opened in the wrong working directory, for example if you use sbt then the workspace directory should contain build.sbt. 
2020.07.19 16:46:27 WARN  no build target for: /home/dgc7/ejersiciosLibros/scala/classes/erencia.scala
2020.07.19 16:46:41 WARN  no build target for: /home/dgc7/ejersiciosLibros/scala/classes/clases2.scala
2020.07.19 16:46:55 WARN  no build tool detected in workspace '/home/dgc7/ejersiciosLibros/scala/classes'. The most common cause for this problem is that the editor was opened in the wrong working directory, for example if you use sbt then the workspace directory should contain build.sbt. 
2020.07.19 16:46:55 WARN  no build target for: /home/dgc7/ejersiciosLibros/scala/classes/erencia.scala
2020.07.19 18:23:40 WARN  no build target for: /home/dgc7/ejersiciosLibros/scala/classes/clases2.scala
2020.07.19 18:24:49 WARN  no build target for: /home/dgc7/ejersiciosLibros/scala/classes/clases2.scala
2020.07.19 18:25:36 WARN  no build target for: /home/dgc7/ejersiciosLibros/scala/classes/clases2.scala
2020.07.19 18:27:08 WARN  no build tool detected in workspace '/home/dgc7/ejersiciosLibros/scala/classes'. The most common cause for this problem is that the editor was opened in the wrong working directory, for example if you use sbt then the workspace directory should contain build.sbt. 
2020.07.19 18:27:12 WARN  no build target for: /home/dgc7/ejersiciosLibros/scala/classes/clases2.scala
