2020.07.25 02:45:59 INFO  started: Metals version 0.9.2 in workspace '/home/dgc7/ejersiciosLibros/scala/clasesInmutables/objetso' for client vscode.
2020.07.25 02:46:01 INFO  time: initialize in 1.98s
2020.07.25 02:46:05 WARN  no build tool detected in workspace '/home/dgc7/ejersiciosLibros/scala/clasesInmutables/objetso'. The most common cause for this problem is that the editor was opened in the wrong working directory, for example if you use sbt then the workspace directory should contain build.sbt. 
2020.07.25 02:46:05 INFO  no build target: using presentation compiler with only scala-library
2020.07.25 02:46:09 WARN  no build target for: /home/dgc7/ejersiciosLibros/scala/clasesInmutables/objetso/main.scala
jul 25, 2020 2:46:09 AM org.eclipse.lsp4j.jsonrpc.RemoteEndpoint handleCancellation
ADVERTENCIA: Unmatched cancel notification for request id 2
jul 25, 2020 2:46:09 AM org.eclipse.lsp4j.jsonrpc.RemoteEndpoint handleCancellation
ADVERTENCIA: Unmatched cancel notification for request id 6
jul 25, 2020 2:46:09 AM org.eclipse.lsp4j.jsonrpc.RemoteEndpoint handleCancellation
ADVERTENCIA: Unmatched cancel notification for request id 7
jul 25, 2020 2:46:09 AM org.eclipse.lsp4j.jsonrpc.RemoteEndpoint handleCancellation
ADVERTENCIA: Unmatched cancel notification for request id 8
jul 25, 2020 2:46:09 AM org.eclipse.lsp4j.jsonrpc.RemoteEndpoint handleCancellation
ADVERTENCIA: Unmatched cancel notification for request id 9
jul 25, 2020 2:46:09 AM org.eclipse.lsp4j.jsonrpc.RemoteEndpoint handleCancellation
ADVERTENCIA: Unmatched cancel notification for request id 4
2020.07.25 02:46:09 WARN  no build tool detected in workspace '/home/dgc7/ejersiciosLibros/scala/clasesInmutables/objetso'. The most common cause for this problem is that the editor was opened in the wrong working directory, for example if you use sbt then the workspace directory should contain build.sbt. 
2020.07.25 02:46:32 WARN  no build target for: /home/dgc7/ejersiciosLibros/scala/clasesInmutables/objetso/main.scala
2020.07.25 02:47:23 WARN  no build target for: /home/dgc7/ejersiciosLibros/scala/clasesInmutables/objetso/main.scala
2020.07.25 02:47:57 WARN  no build target for: /home/dgc7/ejersiciosLibros/scala/clasesInmutables/objetso/main.scala
2020.07.25 02:48:07 WARN  no build target for: /home/dgc7/ejersiciosLibros/scala/clasesInmutables/objetso/main.scala
2020.07.25 02:48:25 WARN  no build tool detected in workspace '/home/dgc7/ejersiciosLibros/scala/clasesInmutables/objetso'. The most common cause for this problem is that the editor was opened in the wrong working directory, for example if you use sbt then the workspace directory should contain build.sbt. 
2020.07.25 02:48:25 WARN  no build target for: /home/dgc7/ejersiciosLibros/scala/clasesInmutables/objetso/main.scala
2020.07.25 02:49:01 WARN  no build target for: /home/dgc7/ejersiciosLibros/scala/clasesInmutables/objetso/main.scala
2020.07.25 02:49:32 WARN  no build target for: /home/dgc7/ejersiciosLibros/scala/clasesInmutables/objetso/main.scala
2020.07.25 02:49:36 WARN  no build target for: /home/dgc7/ejersiciosLibros/scala/clasesInmutables/objetso/main.scala
2020.07.25 02:51:18 WARN  no build target for: /home/dgc7/ejersiciosLibros/scala/clasesInmutables/objetso/main.scala
2020.07.25 02:51:30 WARN  no build target for: /home/dgc7/ejersiciosLibros/scala/clasesInmutables/objetso/main.scala
2020.07.25 02:51:44 WARN  no build target for: /home/dgc7/ejersiciosLibros/scala/clasesInmutables/objetso/main.scala
2020.07.25 02:52:49 WARN  no build target for: /home/dgc7/ejersiciosLibros/scala/clasesInmutables/objetso/main.scala
2020.07.25 02:52:54 WARN  no build target for: /home/dgc7/ejersiciosLibros/scala/clasesInmutables/objetso/main.scala
2020.07.25 02:53:18 WARN  no build target for: /home/dgc7/ejersiciosLibros/scala/clasesInmutables/objetso/main.scala
2020.07.25 02:53:37 WARN  no build target for: /home/dgc7/ejersiciosLibros/scala/clasesInmutables/objetso/main.scala
jul 25, 2020 3:05:22 AM org.eclipse.lsp4j.jsonrpc.RemoteEndpoint handleCancellation
ADVERTENCIA: Unmatched cancel notification for request id 457
2020.07.25 03:06:55 WARN  no build target for: /home/dgc7/ejersiciosLibros/scala/clasesInmutables/objetso/main.scala
2020.07.25 03:07:48 WARN  no build tool detected in workspace '/home/dgc7/ejersiciosLibros/scala/clasesInmutables/objetso'. The most common cause for this problem is that the editor was opened in the wrong working directory, for example if you use sbt then the workspace directory should contain build.sbt. 
2020.07.25 03:07:48 WARN  no build target for: /home/dgc7/ejersiciosLibros/scala/clasesInmutables/objetso/main.scala
2020.07.25 03:07:56 WARN  no build target for: /home/dgc7/ejersiciosLibros/scala/clasesInmutables/objetso/main.scala
2020.07.25 03:08:07 WARN  no build target for: /home/dgc7/ejersiciosLibros/scala/clasesInmutables/objetso/main.scala
2020.07.25 03:10:15 WARN  no build tool detected in workspace '/home/dgc7/ejersiciosLibros/scala/clasesInmutables/objetso'. The most common cause for this problem is that the editor was opened in the wrong working directory, for example if you use sbt then the workspace directory should contain build.sbt. 
2020.07.25 03:10:15 WARN  no build target for: /home/dgc7/ejersiciosLibros/scala/clasesInmutables/objetso/main.scala
2020.07.25 03:10:32 WARN  no build target for: /home/dgc7/ejersiciosLibros/scala/clasesInmutables/objetso/main.scala
2020.07.25 03:11:03 WARN  no build target for: /home/dgc7/ejersiciosLibros/scala/clasesInmutables/objetso/main.scala
2020.07.25 03:12:34 WARN  no build target for: /home/dgc7/ejersiciosLibros/scala/clasesInmutables/objetso/main.scala
2020.07.25 03:12:56 WARN  no build target for: /home/dgc7/ejersiciosLibros/scala/clasesInmutables/objetso/main.scala
2020.07.25 03:13:19 WARN  no build target for: /home/dgc7/ejersiciosLibros/scala/clasesInmutables/objetso/main.scala
2020.07.25 03:18:51 INFO  shutting down Metals
